<?xml version="1.0" encoding="UTF-8"?>
<robot generator="Robot 3.2.2 (Python 3.9.0 on win32)" generated="20210104 00:58:58.005" rpa="false">
<suite id="s1" name="Booking Test" source="C:\Users\RAJAT GUPTA\eclipse-workspace\booking_test">
<suite id="s1-s1" name="Tests" source="C:\Users\RAJAT GUPTA\eclipse-workspace\booking_test\Tests">
<suite id="s1-s1-s1" name="Booking" source="C:\Users\RAJAT GUPTA\eclipse-workspace\booking_test\Tests\booking.robot">
<test id="s1-s1-s1-t1" name="2.App">
<kw name="Setup and open ApiDemos App" type="setup">
<kw name="Open Application" library="AppiumLibrary">
<doc>Opens a new application to given Appium server.
Capabilities of appium server, Android and iOS,
Please check https://github.com/appium/appium/blob/master/docs/en/writing-running-appium/server-args.md
| *Option*            | *Man.* | *Description*     |
| remote_url          | Yes    | Appium server url |
| alias               | no     | alias             |</doc>
<arguments>
<arg>${APPIUM_SERVER1}</arg>
<arg>automationName=${ANDROID_AUTOMATION_NAME}</arg>
<arg>platformName=${ANDROID_PLATFORM_NAME}</arg>
<arg>deviceName=${ANDROID_DEVICE_NAME}</arg>
<arg>platformVersion=${ANDROID_PLATFORM_VERSION}</arg>
<arg>appPackage=${ANDROID_APP_PACKAGE}</arg>
<arg>appActivity=${ANDROID_APP_ACTIVITY}</arg>
</arguments>
<status status="PASS" starttime="20210104 00:58:58.654" endtime="20210104 00:59:11.598"></status>
</kw>
<status status="PASS" starttime="20210104 00:58:58.653" endtime="20210104 00:59:11.599"></status>
</kw>
<kw name="Log" library="BuiltIn">
<doc>Logs the given message with the given level.</doc>
<arguments>
<arg>Test 2 started..</arg>
</arguments>
<msg timestamp="20210104 00:59:11.602" level="INFO">Test 2 started..</msg>
<status status="PASS" starttime="20210104 00:59:11.600" endtime="20210104 00:59:11.602"></status>
</kw>
<kw name="Verify if App tab is clicked">
<kw name="Click Element" library="AppiumLibrary">
<doc>Click element identified by `locator`.</doc>
<arguments>
<arg>xpath=//android.widget.TextView[@content-desc="App"]</arg>
</arguments>
<msg timestamp="20210104 00:59:11.605" level="INFO">Clicking element 'xpath=//android.widget.TextView[@content-desc="App"]'.</msg>
<status status="PASS" starttime="20210104 00:59:11.603" endtime="20210104 00:59:12.935"></status>
</kw>
<status status="PASS" starttime="20210104 00:59:11.603" endtime="20210104 00:59:12.935"></status>
</kw>
<kw name="Verify if Alert Dialogs is clicked">
<kw name="Click Element" library="AppiumLibrary">
<doc>Click element identified by `locator`.</doc>
<arguments>
<arg>xpath=//android.widget.TextView[@content-desc="Alert Dialogs"]</arg>
</arguments>
<msg timestamp="20210104 00:59:12.939" level="INFO">Clicking element 'xpath=//android.widget.TextView[@content-desc="Alert Dialogs"]'.</msg>
<status status="PASS" starttime="20210104 00:59:12.937" endtime="20210104 00:59:13.839"></status>
</kw>
<status status="PASS" starttime="20210104 00:59:12.936" endtime="20210104 00:59:13.841"></status>
</kw>
<kw name="Verify if OK CANCEL DIALOG WITH MESSAGE is present">
<kw name="Click Element" library="AppiumLibrary">
<doc>Click element identified by `locator`.</doc>
<arguments>
<arg>xpath=//android.widget.Button[@content-desc="OK Cancel dialog with a message"]</arg>
</arguments>
<msg timestamp="20210104 00:59:13.845" level="INFO">Clicking element 'xpath=//android.widget.Button[@content-desc="OK Cancel dialog with a message"]'.</msg>
<status status="PASS" starttime="20210104 00:59:13.842" endtime="20210104 00:59:14.044"></status>
</kw>
<kw name="Sleep" library="BuiltIn">
<doc>Pauses the test executed for the given time.</doc>
<arguments>
<arg>2s</arg>
</arguments>
<msg timestamp="20210104 00:59:16.047" level="INFO">Slept 2 seconds</msg>
<status status="PASS" starttime="20210104 00:59:14.045" endtime="20210104 00:59:16.047"></status>
</kw>
<kw name="Click Element" library="AppiumLibrary">
<doc>Click element identified by `locator`.</doc>
<arguments>
<arg>id=android:id/button1</arg>
</arguments>
<msg timestamp="20210104 00:59:16.051" level="INFO">Clicking element 'id=android:id/button1'.</msg>
<status status="PASS" starttime="20210104 00:59:16.048" endtime="20210104 00:59:16.219"></status>
</kw>
<status status="PASS" starttime="20210104 00:59:13.841" endtime="20210104 00:59:16.220"></status>
</kw>
<kw name="Verify if OK CANCEL DIALOG WITH LONG MESSAGE is present">
<kw name="Click Element" library="AppiumLibrary">
<doc>Click element identified by `locator`.</doc>
<arguments>
<arg>xpath=//android.widget.Button[@content-desc="OK Cancel dialog with a long message"]</arg>
</arguments>
<msg timestamp="20210104 00:59:16.226" level="INFO">Clicking element 'xpath=//android.widget.Button[@content-desc="OK Cancel dialog with a long message"]'.</msg>
<status status="PASS" starttime="20210104 00:59:16.222" endtime="20210104 00:59:17.059"></status>
</kw>
<kw name="Sleep" library="BuiltIn">
<doc>Pauses the test executed for the given time.</doc>
<arguments>
<arg>2s</arg>
</arguments>
<msg timestamp="20210104 00:59:19.063" level="INFO">Slept 2 seconds</msg>
<status status="PASS" starttime="20210104 00:59:17.060" endtime="20210104 00:59:19.063"></status>
</kw>
<kw name="Click Element" library="AppiumLibrary">
<doc>Click element identified by `locator`.</doc>
<arguments>
<arg>id=android:id/button1</arg>
</arguments>
<msg timestamp="20210104 00:59:19.066" level="INFO">Clicking element 'id=android:id/button1'.</msg>
<status status="PASS" starttime="20210104 00:59:19.064" endtime="20210104 00:59:19.226"></status>
</kw>
<status status="PASS" starttime="20210104 00:59:16.221" endtime="20210104 00:59:19.227"></status>
</kw>
<kw name="Verify if OK CANCEL DIALOG WITH ULTRA LONG MESSAGE is present">
<kw name="Click Element" library="AppiumLibrary">
<doc>Click element identified by `locator`.</doc>
<arguments>
<arg>xpath=//android.widget.Button[@content-desc="OK Cancel dialog with ultra long message"]</arg>
</arguments>
<msg timestamp="20210104 00:59:19.232" level="INFO">Clicking element 'xpath=//android.widget.Button[@content-desc="OK Cancel dialog with ultra long message"]'.</msg>
<status status="PASS" starttime="20210104 00:59:19.230" endtime="20210104 00:59:20.146"></status>
</kw>
<kw name="Sleep" library="BuiltIn">
<doc>Pauses the test executed for the given time.</doc>
<arguments>
<arg>2s</arg>
</arguments>
<msg timestamp="20210104 00:59:22.148" level="INFO">Slept 2 seconds</msg>
<status status="PASS" starttime="20210104 00:59:20.147" endtime="20210104 00:59:22.148"></status>
</kw>
<kw name="Click Element" library="AppiumLibrary">
<doc>Click element identified by `locator`.</doc>
<arguments>
<arg>id=android:id/button1</arg>
</arguments>
<msg timestamp="20210104 00:59:22.151" level="INFO">Clicking element 'id=android:id/button1'.</msg>
<status status="PASS" starttime="20210104 00:59:22.149" endtime="20210104 00:59:22.316"></status>
</kw>
<status status="PASS" starttime="20210104 00:59:19.228" endtime="20210104 00:59:22.317"></status>
</kw>
<kw name="Verify if LIST DIALOG WITH MESSAGE is present and list elemets are clickable">
<msg timestamp="20210104 00:59:22.319" level="FAIL">User keyword 'Verify if LIST DIALOG WITH MESSAGE is present and list elemets are clickable' contains no keywords.</msg>
<status status="FAIL" starttime="20210104 00:59:22.318" endtime="20210104 00:59:22.320"></status>
</kw>
<status status="FAIL" starttime="20210104 00:58:58.651" endtime="20210104 00:59:22.321" critical="yes">User keyword 'Verify if LIST DIALOG WITH MESSAGE is present and list elemets are clickable' contains no keywords.</status>
</test>
<status status="FAIL" starttime="20210104 00:58:58.179" endtime="20210104 00:59:22.323"></status>
</suite>
<status status="FAIL" starttime="20210104 00:58:58.171" endtime="20210104 00:59:22.329"></status>
</suite>
<status status="FAIL" starttime="20210104 00:58:58.107" endtime="20210104 00:59:22.334"></status>
</suite>
<statistics>
<total>
<stat pass="0" fail="1">Critical Tests</stat>
<stat pass="0" fail="1">All Tests</stat>
</total>
<tag>
</tag>
<suite>
<stat pass="0" fail="1" id="s1" name="Booking Test">Booking Test</stat>
<stat pass="0" fail="1" id="s1-s1" name="Tests">Booking Test.Tests</stat>
<stat pass="0" fail="1" id="s1-s1-s1" name="Booking">Booking Test.Tests.Booking</stat>
</suite>
</statistics>
<errors>
<msg timestamp="20210104 00:58:58.103" level="ERROR">Variable file 'Data\data.py' does not exist.</msg>
</errors>
</robot>
