<?xml version="1.0" encoding="UTF-8"?>
<robot generator="Robot 3.2.2 (Python 3.9.0 on win32)" generated="20210105 21:31:21.415" rpa="false">
<suite id="s1" name="Booking" source="C:\Users\RAJAT GUPTA\eclipse-workspace\booking_test\Tests\booking.robot">
<test id="s1-t1" name="1.Check Accessbility">
<kw name="Setup and open ApiDemos App" library="common_kw" type="setup">
<kw name="Open Application" library="AppiumLibrary">
<doc>Opens a new application to given Appium server.
Capabilities of appium server, Android and iOS,
Please check https://github.com/appium/appium/blob/master/docs/en/writing-running-appium/server-args.md
| *Option*            | *Man.* | *Description*     |
| remote_url          | Yes    | Appium server url |
| alias               | no     | alias             |</doc>
<arguments>
<arg>${Device.pocof1.Server}</arg>
<arg>automationName=${Device.pocof1.Automation}</arg>
<arg>platformName=${Device.pocof1.Platform_Name}</arg>
<arg>deviceName=${Device.pocof1.Device_Name}</arg>
<arg>platformVersion=${Device.pocof1.Platform_Version}</arg>
<arg>appPackage=${Device.pocof1.App_package}</arg>
<arg>appActivity=${Device.pocof1.App_activity}</arg>
</arguments>
<assign>
<var>${androiddriver1}</var>
</assign>
<msg timestamp="20210105 21:31:37.435" level="INFO">${androiddriver1} = 1</msg>
<status status="PASS" starttime="20210105 21:31:21.851" endtime="20210105 21:31:37.435"></status>
</kw>
<kw name="Set Suite Variable" library="BuiltIn">
<doc>Makes a variable available everywhere within the scope of the current suite.</doc>
<arguments>
<arg>${androiddriver1}</arg>
</arguments>
<msg timestamp="20210105 21:31:37.437" level="INFO">${androiddriver1} = 1</msg>
<status status="PASS" starttime="20210105 21:31:37.435" endtime="20210105 21:31:37.437"></status>
</kw>
<status status="PASS" starttime="20210105 21:31:21.850" endtime="20210105 21:31:37.438"></status>
</kw>
<kw name="Log" library="BuiltIn">
<doc>Logs the given message with the given level.</doc>
<arguments>
<arg>Test 1 Started...</arg>
</arguments>
<msg timestamp="20210105 21:31:37.441" level="INFO">Test 1 Started...</msg>
<status status="PASS" starttime="20210105 21:31:37.440" endtime="20210105 21:31:37.441"></status>
</kw>
<kw name="Verify if Accessbility is clicked" library="common_kw">
<kw name="Click Element" library="AppiumLibrary">
<doc>Click element identified by `locator`.</doc>
<arguments>
<arg>xpath=//android.widget.TextView[@text='Accessibility']</arg>
</arguments>
<msg timestamp="20210105 21:31:37.445" level="INFO">Clicking element 'xpath=//android.widget.TextView[@text='Accessibility']'.</msg>
<status status="PASS" starttime="20210105 21:31:37.442" endtime="20210105 21:31:38.787"></status>
</kw>
<status status="PASS" starttime="20210105 21:31:37.441" endtime="20210105 21:31:38.788"></status>
</kw>
<kw name="Verify if Accessbility Node Provider is Clicked" library="common_kw">
<kw name="Click Element" library="AppiumLibrary">
<doc>Click element identified by `locator`.</doc>
<arguments>
<arg>xpath=//android.widget.TextView[@text='Accessibility Node Provider']</arg>
</arguments>
<msg timestamp="20210105 21:31:38.799" level="INFO">Clicking element 'xpath=//android.widget.TextView[@text='Accessibility Node Provider']'.</msg>
<status status="PASS" starttime="20210105 21:31:38.792" endtime="20210105 21:31:39.653"></status>
</kw>
<status status="PASS" starttime="20210105 21:31:38.791" endtime="20210105 21:31:39.654"></status>
</kw>
<kw name="Verify if text 'Accessibility/Accessibility Node Provider' is present" library="common_kw">
<kw name="Text Should Be Visible" library="AppiumLibrary">
<doc>Verifies that element identified with text is visible.</doc>
<arguments>
<arg>Accessibility/Accessibility Node Provider</arg>
</arguments>
<status status="PASS" starttime="20210105 21:31:39.658" endtime="20210105 21:31:39.884"></status>
</kw>
<status status="PASS" starttime="20210105 21:31:39.657" endtime="20210105 21:31:39.884"></status>
</kw>
<kw name="Go Back" library="AppiumLibrary">
<doc>Goes one step backward in the browser history.</doc>
<status status="PASS" starttime="20210105 21:31:39.886" endtime="20210105 21:31:40.554"></status>
</kw>
<kw name=" Verify if Accessibility Node Querying is Clicked" library="common_kw">
<kw name="Click Element" library="AppiumLibrary">
<doc>Click element identified by `locator`.</doc>
<arguments>
<arg>xpath=//android.widget.TextView[@text='Accessibility Node Querying']</arg>
</arguments>
<msg timestamp="20210105 21:31:40.565" level="INFO">Clicking element 'xpath=//android.widget.TextView[@text='Accessibility Node Querying']'.</msg>
<status status="PASS" starttime="20210105 21:31:40.559" endtime="20210105 21:31:41.915"></status>
</kw>
<status status="PASS" starttime="20210105 21:31:40.557" endtime="20210105 21:31:41.915"></status>
</kw>
<kw name="Verify if text 'Accessibility/Accessibility Node Querying' is present" library="common_kw">
<kw name="Text Should Be Visible" library="AppiumLibrary">
<doc>Verifies that element identified with text is visible.</doc>
<arguments>
<arg>Accessibility/Accessibility Node Querying</arg>
</arguments>
<status status="PASS" starttime="20210105 21:31:41.917" endtime="20210105 21:31:42.137"></status>
</kw>
<status status="PASS" starttime="20210105 21:31:41.917" endtime="20210105 21:31:42.138"></status>
</kw>
<kw name="Verify if 'Take Out Trash' checkbox is checkable" library="common_kw">
<kw name="Click Element" library="AppiumLibrary">
<doc>Click element identified by `locator`.</doc>
<arguments>
<arg>xpath=//android.widget.LinearLayout[1]/android.widget.CheckBox</arg>
</arguments>
<msg timestamp="20210105 21:31:42.147" level="INFO">Clicking element 'xpath=//android.widget.LinearLayout[1]/android.widget.CheckBox'.</msg>
<status status="PASS" starttime="20210105 21:31:42.142" endtime="20210105 21:31:42.405"></status>
</kw>
<status status="PASS" starttime="20210105 21:31:42.141" endtime="20210105 21:31:42.406"></status>
</kw>
<kw name="Verify if 'Do Laundary' checkbox is checkable" library="common_kw">
<kw name="Click Element" library="AppiumLibrary">
<doc>Click element identified by `locator`.</doc>
<arguments>
<arg>xpath=//android.widget.LinearLayout[2]/android.widget.CheckBox</arg>
</arguments>
<msg timestamp="20210105 21:31:42.419" level="INFO">Clicking element 'xpath=//android.widget.LinearLayout[2]/android.widget.CheckBox'.</msg>
<status status="PASS" starttime="20210105 21:31:42.414" endtime="20210105 21:31:43.150"></status>
</kw>
<status status="PASS" starttime="20210105 21:31:42.411" endtime="20210105 21:31:43.151"></status>
</kw>
<kw name="Verify if 'Conquer World' checkbox is checkable" library="common_kw">
<kw name="Click Element" library="AppiumLibrary">
<doc>Click element identified by `locator`.</doc>
<arguments>
<arg>xpath=//android.widget.LinearLayout[3]/android.widget.CheckBox</arg>
</arguments>
<msg timestamp="20210105 21:31:43.160" level="INFO">Clicking element 'xpath=//android.widget.LinearLayout[3]/android.widget.CheckBox'.</msg>
<status status="PASS" starttime="20210105 21:31:43.155" endtime="20210105 21:31:43.909"></status>
</kw>
<status status="PASS" starttime="20210105 21:31:43.153" endtime="20210105 21:31:43.910"></status>
</kw>
<kw name="Verify if 'Nap' checkbox is checkable" library="common_kw">
<kw name="Click Element" library="AppiumLibrary">
<doc>Click element identified by `locator`.</doc>
<arguments>
<arg>xpath=//android.widget.LinearLayout[4]/android.widget.CheckBox</arg>
</arguments>
<msg timestamp="20210105 21:31:43.924" level="INFO">Clicking element 'xpath=//android.widget.LinearLayout[4]/android.widget.CheckBox'.</msg>
<status status="PASS" starttime="20210105 21:31:43.919" endtime="20210105 21:31:44.785"></status>
</kw>
<status status="PASS" starttime="20210105 21:31:43.916" endtime="20210105 21:31:44.786"></status>
</kw>
<kw name="Verify if 'Do Taxes' checkbox is checkable" library="common_kw">
<kw name="Click Element" library="AppiumLibrary">
<doc>Click element identified by `locator`.</doc>
<arguments>
<arg>xpath=//android.widget.LinearLayout[5]/android.widget.CheckBox</arg>
</arguments>
<msg timestamp="20210105 21:31:44.792" level="INFO">Clicking element 'xpath=//android.widget.LinearLayout[5]/android.widget.CheckBox'.</msg>
<status status="PASS" starttime="20210105 21:31:44.789" endtime="20210105 21:31:45.526"></status>
</kw>
<status status="PASS" starttime="20210105 21:31:44.788" endtime="20210105 21:31:45.526"></status>
</kw>
<kw name="Verify if 'Abolish IRS' checkbox is checkable" library="common_kw">
<kw name="Click Element" library="AppiumLibrary">
<doc>Click element identified by `locator`.</doc>
<arguments>
<arg>xpath=//android.widget.LinearLayout[6]/android.widget.CheckBox</arg>
</arguments>
<msg timestamp="20210105 21:31:45.533" level="INFO">Clicking element 'xpath=//android.widget.LinearLayout[6]/android.widget.CheckBox'.</msg>
<status status="PASS" starttime="20210105 21:31:45.530" endtime="20210105 21:31:46.281"></status>
</kw>
<status status="PASS" starttime="20210105 21:31:45.529" endtime="20210105 21:31:46.282"></status>
</kw>
<kw name="Verify if 'Tea with Aunt Sharon' checkbox is checkable" library="common_kw">
<kw name="Click Element" library="AppiumLibrary">
<doc>Click element identified by `locator`.</doc>
<arguments>
<arg>xpath=//android.widget.LinearLayout[7]/android.widget.CheckBox</arg>
</arguments>
<msg timestamp="20210105 21:31:46.292" level="INFO">Clicking element 'xpath=//android.widget.LinearLayout[7]/android.widget.CheckBox'.</msg>
<status status="PASS" starttime="20210105 21:31:46.286" endtime="20210105 21:31:46.996"></status>
</kw>
<status status="PASS" starttime="20210105 21:31:46.285" endtime="20210105 21:31:46.997"></status>
</kw>
<kw name="Go Back" library="AppiumLibrary">
<doc>Goes one step backward in the browser history.</doc>
<status status="PASS" starttime="20210105 21:31:47.000" endtime="20210105 21:31:48.262"></status>
</kw>
<kw name=" Verify if Accessibility Service is Clicked" library="common_kw">
<kw name="Click Element" library="AppiumLibrary">
<doc>Click element identified by `locator`.</doc>
<arguments>
<arg>xpath=//android.widget.TextView[@content-desc="Accessibility Service"]</arg>
</arguments>
<msg timestamp="20210105 21:31:48.273" level="INFO">Clicking element 'xpath=//android.widget.TextView[@content-desc="Accessibility Service"]'.</msg>
<status status="PASS" starttime="20210105 21:31:48.268" endtime="20210105 21:31:49.571"></status>
</kw>
<status status="PASS" starttime="20210105 21:31:48.266" endtime="20210105 21:31:49.572"></status>
</kw>
<kw name=" Verify if 'Enable Clockback' text is present" library="common_kw">
<kw name="Text Should Be Visible" library="AppiumLibrary">
<doc>Verifies that element identified with text is visible.</doc>
<arguments>
<arg>Enable ClockBack (Settings -&gt; Accessibility -&gt; ClockBack)</arg>
</arguments>
<status status="PASS" starttime="20210105 21:31:49.579" endtime="20210105 21:31:49.739"></status>
</kw>
<status status="PASS" starttime="20210105 21:31:49.577" endtime="20210105 21:31:49.740"></status>
</kw>
<kw name="Go Back" library="AppiumLibrary">
<doc>Goes one step backward in the browser history.</doc>
<status status="PASS" starttime="20210105 21:31:49.742" endtime="20210105 21:31:50.389"></status>
</kw>
<kw name="Verify if Custom View is Clicked" library="common_kw">
<kw name="Click Element" library="AppiumLibrary">
<doc>Click element identified by `locator`.</doc>
<arguments>
<arg>xpath=//android.widget.TextView[@content-desc="Custom View"]</arg>
</arguments>
<msg timestamp="20210105 21:31:50.395" level="INFO">Clicking element 'xpath=//android.widget.TextView[@content-desc="Custom View"]'.</msg>
<status status="PASS" starttime="20210105 21:31:50.391" endtime="20210105 21:31:51.714"></status>
</kw>
<status status="PASS" starttime="20210105 21:31:50.391" endtime="20210105 21:31:51.715"></status>
</kw>
<kw name="Verify if 'Enable Talkback' text is present" library="common_kw">
<kw name="Text Should Be Visible" library="AppiumLibrary">
<doc>Verifies that element identified with text is visible.</doc>
<arguments>
<arg>Enable TalkBack (Settings -&gt; Accessibility -&gt; TalkBack)</arg>
</arguments>
<status status="PASS" starttime="20210105 21:31:51.720" endtime="20210105 21:31:51.910"></status>
</kw>
<status status="PASS" starttime="20210105 21:31:51.719" endtime="20210105 21:31:51.911"></status>
</kw>
<kw name="Verify if View1 and View2 buttons are clickable" library="common_kw">
<kw name="Click Element" library="AppiumLibrary">
<doc>Click element identified by `locator`.</doc>
<arguments>
<arg>xpath=//android.view.View[@index=1]</arg>
</arguments>
<msg timestamp="20210105 21:31:51.916" level="INFO">Clicking element 'xpath=//android.view.View[@index=1]'.</msg>
<status status="PASS" starttime="20210105 21:31:51.914" endtime="20210105 21:31:52.122"></status>
</kw>
<kw name="Click Element" library="AppiumLibrary">
<doc>Click element identified by `locator`.</doc>
<arguments>
<arg>xpath=//android.view.View[@index=2]</arg>
</arguments>
<msg timestamp="20210105 21:31:52.130" level="INFO">Clicking element 'xpath=//android.view.View[@index=2]'.</msg>
<status status="PASS" starttime="20210105 21:31:52.123" endtime="20210105 21:31:52.787"></status>
</kw>
<status status="PASS" starttime="20210105 21:31:51.913" endtime="20210105 21:31:52.787"></status>
</kw>
<status status="PASS" starttime="20210105 21:31:21.849" endtime="20210105 21:31:52.789" critical="yes"></status>
</test>
<test id="s1-t2" name="2.App">
<kw name="Setup and open ApiDemos App" library="common_kw" type="setup">
<kw name="Open Application" library="AppiumLibrary">
<doc>Opens a new application to given Appium server.
Capabilities of appium server, Android and iOS,
Please check https://github.com/appium/appium/blob/master/docs/en/writing-running-appium/server-args.md
| *Option*            | *Man.* | *Description*     |
| remote_url          | Yes    | Appium server url |
| alias               | no     | alias             |</doc>
<arguments>
<arg>${Device.pocof1.Server}</arg>
<arg>automationName=${Device.pocof1.Automation}</arg>
<arg>platformName=${Device.pocof1.Platform_Name}</arg>
<arg>deviceName=${Device.pocof1.Device_Name}</arg>
<arg>platformVersion=${Device.pocof1.Platform_Version}</arg>
<arg>appPackage=${Device.pocof1.App_package}</arg>
<arg>appActivity=${Device.pocof1.App_activity}</arg>
</arguments>
<assign>
<var>${androiddriver1}</var>
</assign>
<msg timestamp="20210105 21:32:05.028" level="INFO">${androiddriver1} = 2</msg>
<status status="PASS" starttime="20210105 21:31:52.802" endtime="20210105 21:32:05.028"></status>
</kw>
<kw name="Set Suite Variable" library="BuiltIn">
<doc>Makes a variable available everywhere within the scope of the current suite.</doc>
<arguments>
<arg>${androiddriver1}</arg>
</arguments>
<msg timestamp="20210105 21:32:05.030" level="INFO">${androiddriver1} = 2</msg>
<status status="PASS" starttime="20210105 21:32:05.028" endtime="20210105 21:32:05.030"></status>
</kw>
<status status="PASS" starttime="20210105 21:31:52.802" endtime="20210105 21:32:05.031"></status>
</kw>
<kw name="Log" library="BuiltIn">
<doc>Logs the given message with the given level.</doc>
<arguments>
<arg>Test 2 started..</arg>
</arguments>
<msg timestamp="20210105 21:32:05.032" level="INFO">Test 2 started..</msg>
<status status="PASS" starttime="20210105 21:32:05.032" endtime="20210105 21:32:05.032"></status>
</kw>
<kw name="Verify if App tab is clicked" library="common_kw">
<kw name="Click Element" library="AppiumLibrary">
<doc>Click element identified by `locator`.</doc>
<arguments>
<arg>xpath=//android.widget.TextView[@content-desc="App"]</arg>
</arguments>
<msg timestamp="20210105 21:32:05.037" level="INFO">Clicking element 'xpath=//android.widget.TextView[@content-desc="App"]'.</msg>
<status status="PASS" starttime="20210105 21:32:05.034" endtime="20210105 21:32:06.360"></status>
</kw>
<status status="PASS" starttime="20210105 21:32:05.033" endtime="20210105 21:32:06.361"></status>
</kw>
<kw name="Verify if Alert Dialogs is clicked" library="common_kw">
<kw name="Click Element" library="AppiumLibrary">
<doc>Click element identified by `locator`.</doc>
<arguments>
<arg>xpath=//android.widget.TextView[@content-desc="Alert Dialogs"]</arg>
</arguments>
<msg timestamp="20210105 21:32:06.367" level="INFO">Clicking element 'xpath=//android.widget.TextView[@content-desc="Alert Dialogs"]'.</msg>
<status status="PASS" starttime="20210105 21:32:06.364" endtime="20210105 21:32:07.197"></status>
</kw>
<status status="PASS" starttime="20210105 21:32:06.363" endtime="20210105 21:32:07.197"></status>
</kw>
<kw name="Verify if OK CANCEL DIALOG WITH MESSAGE is present" library="common_kw">
<kw name="Click Element" library="AppiumLibrary">
<doc>Click element identified by `locator`.</doc>
<arguments>
<arg>xpath=//android.widget.Button[@content-desc="OK Cancel dialog with a message"]</arg>
</arguments>
<msg timestamp="20210105 21:32:07.203" level="INFO">Clicking element 'xpath=//android.widget.Button[@content-desc="OK Cancel dialog with a message"]'.</msg>
<status status="PASS" starttime="20210105 21:32:07.200" endtime="20210105 21:32:07.442"></status>
</kw>
<kw name="Sleep" library="BuiltIn">
<doc>Pauses the test executed for the given time.</doc>
<arguments>
<arg>2s</arg>
</arguments>
<msg timestamp="20210105 21:32:09.443" level="INFO">Slept 2 seconds</msg>
<status status="PASS" starttime="20210105 21:32:07.442" endtime="20210105 21:32:09.443"></status>
</kw>
<kw name="Click Element" library="AppiumLibrary">
<doc>Click element identified by `locator`.</doc>
<arguments>
<arg>id=android:id/button1</arg>
</arguments>
<msg timestamp="20210105 21:32:09.444" level="INFO">Clicking element 'id=android:id/button1'.</msg>
<status status="PASS" starttime="20210105 21:32:09.443" endtime="20210105 21:32:09.650"></status>
</kw>
<status status="PASS" starttime="20210105 21:32:07.199" endtime="20210105 21:32:09.651"></status>
</kw>
<kw name="Verify if OK CANCEL DIALOG WITH LONG MESSAGE is present" library="common_kw">
<kw name="Click Element" library="AppiumLibrary">
<doc>Click element identified by `locator`.</doc>
<arguments>
<arg>xpath=//android.widget.Button[@content-desc="OK Cancel dialog with a long message"]</arg>
</arguments>
<msg timestamp="20210105 21:32:09.657" level="INFO">Clicking element 'xpath=//android.widget.Button[@content-desc="OK Cancel dialog with a long message"]'.</msg>
<status status="PASS" starttime="20210105 21:32:09.654" endtime="20210105 21:32:10.364"></status>
</kw>
<kw name="Sleep" library="BuiltIn">
<doc>Pauses the test executed for the given time.</doc>
<arguments>
<arg>2s</arg>
</arguments>
<msg timestamp="20210105 21:32:12.366" level="INFO">Slept 2 seconds</msg>
<status status="PASS" starttime="20210105 21:32:10.364" endtime="20210105 21:32:12.366"></status>
</kw>
<kw name="Click Element" library="AppiumLibrary">
<doc>Click element identified by `locator`.</doc>
<arguments>
<arg>id=android:id/button1</arg>
</arguments>
<msg timestamp="20210105 21:32:12.369" level="INFO">Clicking element 'id=android:id/button1'.</msg>
<status status="PASS" starttime="20210105 21:32:12.366" endtime="20210105 21:32:12.561"></status>
</kw>
<status status="PASS" starttime="20210105 21:32:09.652" endtime="20210105 21:32:12.562"></status>
</kw>
<kw name="Verify if OK CANCEL DIALOG WITH ULTRA LONG MESSAGE is present" library="common_kw">
<kw name="Click Element" library="AppiumLibrary">
<doc>Click element identified by `locator`.</doc>
<arguments>
<arg>xpath=//android.widget.Button[@content-desc="OK Cancel dialog with ultra long message"]</arg>
</arguments>
<msg timestamp="20210105 21:32:12.569" level="INFO">Clicking element 'xpath=//android.widget.Button[@content-desc="OK Cancel dialog with ultra long message"]'.</msg>
<status status="PASS" starttime="20210105 21:32:12.566" endtime="20210105 21:32:13.303"></status>
</kw>
<kw name="Sleep" library="BuiltIn">
<doc>Pauses the test executed for the given time.</doc>
<arguments>
<arg>2s</arg>
</arguments>
<msg timestamp="20210105 21:32:15.305" level="INFO">Slept 2 seconds</msg>
<status status="PASS" starttime="20210105 21:32:13.304" endtime="20210105 21:32:15.305"></status>
</kw>
<kw name="Click Element" library="AppiumLibrary">
<doc>Click element identified by `locator`.</doc>
<arguments>
<arg>id=android:id/button1</arg>
</arguments>
<msg timestamp="20210105 21:32:15.308" level="INFO">Clicking element 'id=android:id/button1'.</msg>
<status status="PASS" starttime="20210105 21:32:15.305" endtime="20210105 21:32:15.515"></status>
</kw>
<status status="PASS" starttime="20210105 21:32:12.565" endtime="20210105 21:32:15.516"></status>
</kw>
<kw name="Go Back" library="AppiumLibrary">
<doc>Goes one step backward in the browser history.</doc>
<status status="PASS" starttime="20210105 21:32:15.518" endtime="20210105 21:32:16.671"></status>
</kw>
<status status="PASS" starttime="20210105 21:31:52.798" endtime="20210105 21:32:16.673" critical="yes"></status>
</test>
<status status="PASS" starttime="20210105 21:31:21.422" endtime="20210105 21:32:16.680"></status>
</suite>
<statistics>
<total>
<stat pass="2" fail="0">Critical Tests</stat>
<stat pass="2" fail="0">All Tests</stat>
</total>
<tag>
</tag>
<suite>
<stat pass="2" fail="0" id="s1" name="Booking">Booking</stat>
</suite>
</statistics>
<errors>
</errors>
</robot>
